0 info it worked if it ends with ok
1 verbose cli [ '/home/nvm/.nvm/versions/node/v6.11.4/bin/node',
1 verbose cli   '/home/nvm/.nvm/versions/node/v6.11.4/bin/npm',
1 verbose cli   'install',
1 verbose cli   'axios' ]
2 info using npm@3.10.10
3 info using node@v6.11.4
4 verbose config Skipping project config: /app/.npmrc. (matches userconfig)
5 silly loadCurrentTree Starting
6 silly install loadCurrentTree
7 silly install readLocalPackageData
8 silly fetchPackageMetaData axios@^0.16.2
9 silly fetchNamedPackageData axios
10 silly mapToRegistry name axios
11 silly mapToRegistry using default registry
12 silly mapToRegistry registry https://registry.npmjs.org/
13 silly mapToRegistry data Result {
13 silly mapToRegistry   raw: 'axios',
13 silly mapToRegistry   scope: null,
13 silly mapToRegistry   escapedName: 'axios',
13 silly mapToRegistry   name: 'axios',
13 silly mapToRegistry   rawSpec: '',
13 silly mapToRegistry   spec: 'latest',
13 silly mapToRegistry   type: 'tag' }
14 silly mapToRegistry uri https://registry.npmjs.org/axios
15 verbose request uri https://registry.npmjs.org/axios
16 verbose request no auth needed
17 info attempt registry request try #1 at 9:48:45 PM
18 verbose request id e488089c22750670
19 http request GET https://registry.npmjs.org/axios
20 http 200 https://registry.npmjs.org/axios
21 verbose headers { server: 'nginx/1.10.1',
21 verbose headers   'content-type': 'application/json',
21 verbose headers   'last-modified': 'Sun, 08 Oct 2017 09:23:38 GMT',
21 verbose headers   etag: 'W/"59d9ee9a-17384"',
21 verbose headers   'content-encoding': 'gzip',
21 verbose headers   'cache-control': 'max-age=300',
21 verbose headers   'content-length': '14757',
21 verbose headers   'accept-ranges': 'bytes',
21 verbose headers   date: 'Sun, 08 Oct 2017 21:48:45 GMT',
21 verbose headers   via: '1.1 varnish',
21 verbose headers   age: '34',
21 verbose headers   connection: 'keep-alive',
21 verbose headers   'x-served-by': 'cache-iad2126-IAD',
21 verbose headers   'x-cache': 'HIT',
21 verbose headers   'x-cache-hits': '1',
21 verbose headers   'x-timer': 'S1507499325.350901,VS0,VE0',
21 verbose headers   vary: 'Accept-Encoding, Accept' }
22 silly get cb [ 200,
22 silly get   { server: 'nginx/1.10.1',
22 silly get     'content-type': 'application/json',
22 silly get     'last-modified': 'Sun, 08 Oct 2017 09:23:38 GMT',
22 silly get     etag: 'W/"59d9ee9a-17384"',
22 silly get     'content-encoding': 'gzip',
22 silly get     'cache-control': 'max-age=300',
22 silly get     'content-length': '14757',
22 silly get     'accept-ranges': 'bytes',
22 silly get     date: 'Sun, 08 Oct 2017 21:48:45 GMT',
22 silly get     via: '1.1 varnish',
22 silly get     age: '34',
22 silly get     connection: 'keep-alive',
22 silly get     'x-served-by': 'cache-iad2126-IAD',
22 silly get     'x-cache': 'HIT',
22 silly get     'x-cache-hits': '1',
22 silly get     'x-timer': 'S1507499325.350901,VS0,VE0',
22 silly get     vary: 'Accept-Encoding, Accept' } ]
23 verbose get saving axios to /tmp/npm-cache/registry.npmjs.org/axios/.cache.json
24 verbose correctMkdir /tmp/npm-cache correctMkdir not in flight; initializing
25 silly install normalizeTree
26 silly loadCurrentTree Finishing
27 silly loadIdealTree Starting
28 silly install loadIdealTree
29 silly cloneCurrentTree Starting
30 silly install cloneCurrentTreeToIdealTree
31 silly cloneCurrentTree Finishing
32 silly loadShrinkwrap Starting
33 silly install loadShrinkwrap
34 silly loadShrinkwrap Finishing
35 silly loadAllDepsIntoIdealTree Starting
36 silly install loadAllDepsIntoIdealTree
37 silly resolveWithNewModule axios@0.16.2 checking installable status
38 silly cache add args [ 'axios@^0.16.2', null ]
39 verbose cache add spec axios@^0.16.2
40 silly cache add parsed spec Result {
40 silly cache add   raw: 'axios@^0.16.2',
40 silly cache add   scope: null,
40 silly cache add   escapedName: 'axios',
40 silly cache add   name: 'axios',
40 silly cache add   rawSpec: '^0.16.2',
40 silly cache add   spec: '>=0.16.2 <0.17.0',
40 silly cache add   type: 'range' }
41 silly addNamed axios@>=0.16.2 <0.17.0
42 verbose addNamed ">=0.16.2 <0.17.0" is a valid semver range for axios
43 silly addNameRange { name: 'axios', range: '>=0.16.2 <0.17.0', hasData: false }
44 silly mapToRegistry name axios
45 silly mapToRegistry using default registry
46 silly mapToRegistry registry https://registry.npmjs.org/
47 silly mapToRegistry data Result {
47 silly mapToRegistry   raw: 'axios',
47 silly mapToRegistry   scope: null,
47 silly mapToRegistry   escapedName: 'axios',
47 silly mapToRegistry   name: 'axios',
47 silly mapToRegistry   rawSpec: '',
47 silly mapToRegistry   spec: 'latest',
47 silly mapToRegistry   type: 'tag' }
48 silly mapToRegistry uri https://registry.npmjs.org/axios
49 verbose addNameRange registry:https://registry.npmjs.org/axios not in flight; fetching
50 verbose request uri https://registry.npmjs.org/axios
51 verbose request no auth needed
52 info attempt registry request try #1 at 9:48:45 PM
53 http request GET https://registry.npmjs.org/axios
54 http 200 https://registry.npmjs.org/axios
55 verbose headers { server: 'nginx/1.10.1',
55 verbose headers   'content-type': 'application/json',
55 verbose headers   'last-modified': 'Sun, 08 Oct 2017 09:23:38 GMT',
55 verbose headers   etag: 'W/"59d9ee9a-17384"',
55 verbose headers   'content-encoding': 'gzip',
55 verbose headers   'cache-control': 'max-age=300',
55 verbose headers   'content-length': '14757',
55 verbose headers   'accept-ranges': 'bytes',
55 verbose headers   date: 'Sun, 08 Oct 2017 21:48:45 GMT',
55 verbose headers   via: '1.1 varnish',
55 verbose headers   age: '34',
55 verbose headers   connection: 'keep-alive',
55 verbose headers   'x-served-by': 'cache-iad2126-IAD',
55 verbose headers   'x-cache': 'HIT',
55 verbose headers   'x-cache-hits': '2',
55 verbose headers   'x-timer': 'S1507499326.574591,VS0,VE0',
55 verbose headers   vary: 'Accept-Encoding, Accept' }
56 silly get cb [ 200,
56 silly get   { server: 'nginx/1.10.1',
56 silly get     'content-type': 'application/json',
56 silly get     'last-modified': 'Sun, 08 Oct 2017 09:23:38 GMT',
56 silly get     etag: 'W/"59d9ee9a-17384"',
56 silly get     'content-encoding': 'gzip',
56 silly get     'cache-control': 'max-age=300',
56 silly get     'content-length': '14757',
56 silly get     'accept-ranges': 'bytes',
56 silly get     date: 'Sun, 08 Oct 2017 21:48:45 GMT',
56 silly get     via: '1.1 varnish',
56 silly get     age: '34',
56 silly get     connection: 'keep-alive',
56 silly get     'x-served-by': 'cache-iad2126-IAD',
56 silly get     'x-cache': 'HIT',
56 silly get     'x-cache-hits': '2',
56 silly get     'x-timer': 'S1507499326.574591,VS0,VE0',
56 silly get     vary: 'Accept-Encoding, Accept' } ]
57 verbose get saving axios to /tmp/npm-cache/registry.npmjs.org/axios/.cache.json
58 verbose correctMkdir /tmp/npm-cache correctMkdir not in flight; initializing
59 silly addNameRange number 2 { name: 'axios', range: '>=0.16.2 <0.17.0', hasData: true }
60 silly addNameRange versions [ 'axios',
60 silly addNameRange   [ '0.1.0',
60 silly addNameRange     '0.2.0',
60 silly addNameRange     '0.2.1',
60 silly addNameRange     '0.2.2',
60 silly addNameRange     '0.3.0',
60 silly addNameRange     '0.3.1',
60 silly addNameRange     '0.4.0',
60 silly addNameRange     '0.4.1',
60 silly addNameRange     '0.4.2',
60 silly addNameRange     '0.5.0',
60 silly addNameRange     '0.5.1',
60 silly addNameRange     '0.5.2',
60 silly addNameRange     '0.5.3',
60 silly addNameRange     '0.5.4',
60 silly addNameRange     '0.6.0',
60 silly addNameRange     '0.7.0',
60 silly addNameRange     '0.8.0',
60 silly addNameRange     '0.8.1',
60 silly addNameRange     '0.9.0',
60 silly addNameRange     '0.9.1',
60 silly addNameRange     '0.10.0',
60 silly addNameRange     '0.11.0',
60 silly addNameRange     '0.11.1',
60 silly addNameRange     '0.12.0',
60 silly addNameRange     '0.13.0',
60 silly addNameRange     '0.13.1',
60 silly addNameRange     '0.14.0',
60 silly addNameRange     '0.15.0',
60 silly addNameRange     '0.15.1',
60 silly addNameRange     '0.15.2',
60 silly addNameRange     '0.15.3',
60 silly addNameRange     '0.16.0',
60 silly addNameRange     '0.16.1',
60 silly addNameRange     '0.16.2' ] ]
61 silly addNamed axios@0.16.2
62 verbose addNamed "0.16.2" is a plain semver version for axios
63 silly cache afterAdd axios@0.16.2
64 verbose afterAdd /tmp/npm-cache/axios/0.16.2/package/package.json not in flight; writing
65 verbose correctMkdir /tmp/npm-cache correctMkdir not in flight; initializing
66 verbose afterAdd /tmp/npm-cache/axios/0.16.2/package/package.json written
67 silly fetchNamedPackageData follow-redirects
68 silly mapToRegistry name follow-redirects
69 silly mapToRegistry using default registry
70 silly mapToRegistry registry https://registry.npmjs.org/
71 silly mapToRegistry data Result {
71 silly mapToRegistry   raw: 'follow-redirects',
71 silly mapToRegistry   scope: null,
71 silly mapToRegistry   escapedName: 'follow-redirects',
71 silly mapToRegistry   name: 'follow-redirects',
71 silly mapToRegistry   rawSpec: '',
71 silly mapToRegistry   spec: 'latest',
71 silly mapToRegistry   type: 'tag' }
72 silly mapToRegistry uri https://registry.npmjs.org/follow-redirects
73 silly fetchNamedPackageData is-buffer
74 silly mapToRegistry name is-buffer
75 silly mapToRegistry using default registry
76 silly mapToRegistry registry https://registry.npmjs.org/
77 silly mapToRegistry data Result {
77 silly mapToRegistry   raw: 'is-buffer',
77 silly mapToRegistry   scope: null,
77 silly mapToRegistry   escapedName: 'is-buffer',
77 silly mapToRegistry   name: 'is-buffer',
77 silly mapToRegistry   rawSpec: '',
77 silly mapToRegistry   spec: 'latest',
77 silly mapToRegistry   type: 'tag' }
78 silly mapToRegistry uri https://registry.npmjs.org/is-buffer
79 verbose request uri https://registry.npmjs.org/follow-redirects
80 verbose request no auth needed
81 info attempt registry request try #1 at 9:48:45 PM
82 http request GET https://registry.npmjs.org/follow-redirects
83 verbose request uri https://registry.npmjs.org/is-buffer
84 verbose request no auth needed
85 info attempt registry request try #1 at 9:48:45 PM
86 http request GET https://registry.npmjs.org/is-buffer
87 http 200 https://registry.npmjs.org/follow-redirects
88 verbose headers { server: 'nginx/1.10.1',
88 verbose headers   'content-type': 'application/json',
88 verbose headers   'last-modified': 'Thu, 05 Oct 2017 17:04:14 GMT',
88 verbose headers   etag: 'W/"59d6660e-8cfd"',
88 verbose headers   'content-encoding': 'gzip',
88 verbose headers   'cache-control': 'max-age=300',
88 verbose headers   'content-length': '5790',
88 verbose headers   'accept-ranges': 'bytes',
88 verbose headers   date: 'Sun, 08 Oct 2017 21:48:45 GMT',
88 verbose headers   via: '1.1 varnish',
88 verbose headers   age: '168',
88 verbose headers   connection: 'keep-alive',
88 verbose headers   'x-served-by': 'cache-iad2126-IAD',
88 verbose headers   'x-cache': 'HIT',
88 verbose headers   'x-cache-hits': '2',
88 verbose headers   'x-timer': 'S1507499326.622656,VS0,VE0',
88 verbose headers   vary: 'Accept-Encoding, Accept' }
89 silly get cb [ 200,
89 silly get   { server: 'nginx/1.10.1',
89 silly get     'content-type': 'application/json',
89 silly get     'last-modified': 'Thu, 05 Oct 2017 17:04:14 GMT',
89 silly get     etag: 'W/"59d6660e-8cfd"',
89 silly get     'content-encoding': 'gzip',
89 silly get     'cache-control': 'max-age=300',
89 silly get     'content-length': '5790',
89 silly get     'accept-ranges': 'bytes',
89 silly get     date: 'Sun, 08 Oct 2017 21:48:45 GMT',
89 silly get     via: '1.1 varnish',
89 silly get     age: '168',
89 silly get     connection: 'keep-alive',
89 silly get     'x-served-by': 'cache-iad2126-IAD',
89 silly get     'x-cache': 'HIT',
89 silly get     'x-cache-hits': '2',
89 silly get     'x-timer': 'S1507499326.622656,VS0,VE0',
89 silly get     vary: 'Accept-Encoding, Accept' } ]
90 verbose get saving follow-redirects to /tmp/npm-cache/registry.npmjs.org/follow-redirects/.cache.json
91 verbose correctMkdir /tmp/npm-cache correctMkdir not in flight; initializing
92 silly resolveWithNewModule follow-redirects@1.2.5 checking installable status
93 silly cache add args [ 'follow-redirects@^1.2.3', null ]
94 verbose cache add spec follow-redirects@^1.2.3
95 silly cache add parsed spec Result {
95 silly cache add   raw: 'follow-redirects@^1.2.3',
95 silly cache add   scope: null,
95 silly cache add   escapedName: 'follow-redirects',
95 silly cache add   name: 'follow-redirects',
95 silly cache add   rawSpec: '^1.2.3',
95 silly cache add   spec: '>=1.2.3 <2.0.0',
95 silly cache add   type: 'range' }
96 silly addNamed follow-redirects@>=1.2.3 <2.0.0
97 verbose addNamed ">=1.2.3 <2.0.0" is a valid semver range for follow-redirects
98 silly addNameRange { name: 'follow-redirects',
98 silly addNameRange   range: '>=1.2.3 <2.0.0',
98 silly addNameRange   hasData: false }
99 silly mapToRegistry name follow-redirects
100 silly mapToRegistry using default registry
101 silly mapToRegistry registry https://registry.npmjs.org/
102 silly mapToRegistry data Result {
102 silly mapToRegistry   raw: 'follow-redirects',
102 silly mapToRegistry   scope: null,
102 silly mapToRegistry   escapedName: 'follow-redirects',
102 silly mapToRegistry   name: 'follow-redirects',
102 silly mapToRegistry   rawSpec: '',
102 silly mapToRegistry   spec: 'latest',
102 silly mapToRegistry   type: 'tag' }
103 silly mapToRegistry uri https://registry.npmjs.org/follow-redirects
104 verbose addNameRange registry:https://registry.npmjs.org/follow-redirects not in flight; fetching
105 verbose request uri https://registry.npmjs.org/follow-redirects
106 verbose request no auth needed
107 info attempt registry request try #1 at 9:48:45 PM
108 http request GET https://registry.npmjs.org/follow-redirects
109 http 200 https://registry.npmjs.org/follow-redirects
110 verbose headers { server: 'nginx/1.10.1',
110 verbose headers   'content-type': 'application/json',
110 verbose headers   'last-modified': 'Thu, 05 Oct 2017 17:04:14 GMT',
110 verbose headers   etag: 'W/"59d6660e-8cfd"',
110 verbose headers   'content-encoding': 'gzip',
110 verbose headers   'cache-control': 'max-age=300',
110 verbose headers   'content-length': '5790',
110 verbose headers   'accept-ranges': 'bytes',
110 verbose headers   date: 'Sun, 08 Oct 2017 21:48:45 GMT',
110 verbose headers   via: '1.1 varnish',
110 verbose headers   age: '168',
110 verbose headers   connection: 'keep-alive',
110 verbose headers   'x-served-by': 'cache-iad2126-IAD',
110 verbose headers   'x-cache': 'HIT',
110 verbose headers   'x-cache-hits': '3',
110 verbose headers   'x-timer': 'S1507499326.633014,VS0,VE0',
110 verbose headers   vary: 'Accept-Encoding, Accept' }
111 silly get cb [ 200,
111 silly get   { server: 'nginx/1.10.1',
111 silly get     'content-type': 'application/json',
111 silly get     'last-modified': 'Thu, 05 Oct 2017 17:04:14 GMT',
111 silly get     etag: 'W/"59d6660e-8cfd"',
111 silly get     'content-encoding': 'gzip',
111 silly get     'cache-control': 'max-age=300',
111 silly get     'content-length': '5790',
111 silly get     'accept-ranges': 'bytes',
111 silly get     date: 'Sun, 08 Oct 2017 21:48:45 GMT',
111 silly get     via: '1.1 varnish',
111 silly get     age: '168',
111 silly get     connection: 'keep-alive',
111 silly get     'x-served-by': 'cache-iad2126-IAD',
111 silly get     'x-cache': 'HIT',
111 silly get     'x-cache-hits': '3',
111 silly get     'x-timer': 'S1507499326.633014,VS0,VE0',
111 silly get     vary: 'Accept-Encoding, Accept' } ]
112 verbose get saving follow-redirects to /tmp/npm-cache/registry.npmjs.org/follow-redirects/.cache.json
113 verbose correctMkdir /tmp/npm-cache correctMkdir not in flight; initializing
114 silly addNameRange number 2 { name: 'follow-redirects',
114 silly addNameRange   range: '>=1.2.3 <2.0.0',
114 silly addNameRange   hasData: true }
115 silly addNameRange versions [ 'follow-redirects',
115 silly addNameRange   [ '0.0.1',
115 silly addNameRange     '0.0.2',
115 silly addNameRange     '0.0.3',
115 silly addNameRange     '0.0.4',
115 silly addNameRange     '0.0.5',
115 silly addNameRange     '0.0.6',
115 silly addNameRange     '0.0.7',
115 silly addNameRange     '0.1.0',
115 silly addNameRange     '0.2.0',
115 silly addNameRange     '0.3.0',
115 silly addNameRange     '1.0.0',
115 silly addNameRange     '1.1.0',
115 silly addNameRange     '1.2.0',
115 silly addNameRange     '1.2.1',
115 silly addNameRange     '1.2.2',
115 silly addNameRange     '1.2.3',
115 silly addNameRange     '1.2.4',
115 silly addNameRange     '1.2.5' ] ]
116 silly addNamed follow-redirects@1.2.5
117 verbose addNamed "1.2.5" is a plain semver version for follow-redirects
118 http 200 https://registry.npmjs.org/is-buffer
119 verbose headers { server: 'nginx/1.10.1',
119 verbose headers   'content-type': 'application/json',
119 verbose headers   'last-modified': 'Fri, 12 May 2017 21:45:37 GMT',
119 verbose headers   etag: 'W/"59162d01-3bdc"',
119 verbose headers   'content-encoding': 'gzip',
119 verbose headers   'cache-control': 'max-age=300',
119 verbose headers   'content-length': '2534',
119 verbose headers   'accept-ranges': 'bytes',
119 verbose headers   date: 'Sun, 08 Oct 2017 21:48:45 GMT',
119 verbose headers   via: '1.1 varnish',
119 verbose headers   age: '288',
119 verbose headers   connection: 'keep-alive',
119 verbose headers   'x-served-by': 'cache-iad2151-IAD',
119 verbose headers   'x-cache': 'HIT',
119 verbose headers   'x-cache-hits': '2',
119 verbose headers   'x-timer': 'S1507499326.634419,VS0,VE0',
119 verbose headers   vary: 'Accept-Encoding, Accept' }
120 silly get cb [ 200,
120 silly get   { server: 'nginx/1.10.1',
120 silly get     'content-type': 'application/json',
120 silly get     'last-modified': 'Fri, 12 May 2017 21:45:37 GMT',
120 silly get     etag: 'W/"59162d01-3bdc"',
120 silly get     'content-encoding': 'gzip',
120 silly get     'cache-control': 'max-age=300',
120 silly get     'content-length': '2534',
120 silly get     'accept-ranges': 'bytes',
120 silly get     date: 'Sun, 08 Oct 2017 21:48:45 GMT',
120 silly get     via: '1.1 varnish',
120 silly get     age: '288',
120 silly get     connection: 'keep-alive',
120 silly get     'x-served-by': 'cache-iad2151-IAD',
120 silly get     'x-cache': 'HIT',
120 silly get     'x-cache-hits': '2',
120 silly get     'x-timer': 'S1507499326.634419,VS0,VE0',
120 silly get     vary: 'Accept-Encoding, Accept' } ]
121 verbose get saving is-buffer to /tmp/npm-cache/registry.npmjs.org/is-buffer/.cache.json
122 verbose correctMkdir /tmp/npm-cache correctMkdir not in flight; initializing
123 silly resolveWithNewModule is-buffer@1.1.5 checking installable status
124 silly cache add args [ 'is-buffer@^1.1.5', null ]
125 verbose cache add spec is-buffer@^1.1.5
126 silly cache add parsed spec Result {
126 silly cache add   raw: 'is-buffer@^1.1.5',
126 silly cache add   scope: null,
126 silly cache add   escapedName: 'is-buffer',
126 silly cache add   name: 'is-buffer',
126 silly cache add   rawSpec: '^1.1.5',
126 silly cache add   spec: '>=1.1.5 <2.0.0',
126 silly cache add   type: 'range' }
127 silly addNamed is-buffer@>=1.1.5 <2.0.0
128 verbose addNamed ">=1.1.5 <2.0.0" is a valid semver range for is-buffer
129 silly addNameRange { name: 'is-buffer', range: '>=1.1.5 <2.0.0', hasData: false }
130 silly mapToRegistry name is-buffer
131 silly mapToRegistry using default registry
132 silly mapToRegistry registry https://registry.npmjs.org/
133 silly mapToRegistry data Result {
133 silly mapToRegistry   raw: 'is-buffer',
133 silly mapToRegistry   scope: null,
133 silly mapToRegistry   escapedName: 'is-buffer',
133 silly mapToRegistry   name: 'is-buffer',
133 silly mapToRegistry   rawSpec: '',
133 silly mapToRegistry   spec: 'latest',
133 silly mapToRegistry   type: 'tag' }
134 silly mapToRegistry uri https://registry.npmjs.org/is-buffer
135 verbose addNameRange registry:https://registry.npmjs.org/is-buffer not in flight; fetching
136 verbose request uri https://registry.npmjs.org/is-buffer
137 verbose request no auth needed
138 info attempt registry request try #1 at 9:48:45 PM
139 http request GET https://registry.npmjs.org/is-buffer
140 silly cache afterAdd follow-redirects@1.2.5
141 verbose afterAdd /tmp/npm-cache/follow-redirects/1.2.5/package/package.json not in flight; writing
142 verbose correctMkdir /tmp/npm-cache correctMkdir not in flight; initializing
143 http 200 https://registry.npmjs.org/is-buffer
144 verbose headers { server: 'nginx/1.10.1',
144 verbose headers   'content-type': 'application/json',
144 verbose headers   'last-modified': 'Fri, 12 May 2017 21:45:37 GMT',
144 verbose headers   etag: 'W/"59162d01-3bdc"',
144 verbose headers   'content-encoding': 'gzip',
144 verbose headers   'cache-control': 'max-age=300',
144 verbose headers   'content-length': '2534',
144 verbose headers   'accept-ranges': 'bytes',
144 verbose headers   date: 'Sun, 08 Oct 2017 21:48:45 GMT',
144 verbose headers   via: '1.1 varnish',
144 verbose headers   age: '287',
144 verbose headers   connection: 'keep-alive',
144 verbose headers   'x-served-by': 'cache-iad2126-IAD',
144 verbose headers   'x-cache': 'HIT',
144 verbose headers   'x-cache-hits': '7',
144 verbose headers   'x-timer': 'S1507499326.643002,VS0,VE0',
144 verbose headers   vary: 'Accept-Encoding, Accept' }
145 silly get cb [ 200,
145 silly get   { server: 'nginx/1.10.1',
145 silly get     'content-type': 'application/json',
145 silly get     'last-modified': 'Fri, 12 May 2017 21:45:37 GMT',
145 silly get     etag: 'W/"59162d01-3bdc"',
145 silly get     'content-encoding': 'gzip',
145 silly get     'cache-control': 'max-age=300',
145 silly get     'content-length': '2534',
145 silly get     'accept-ranges': 'bytes',
145 silly get     date: 'Sun, 08 Oct 2017 21:48:45 GMT',
145 silly get     via: '1.1 varnish',
145 silly get     age: '287',
145 silly get     connection: 'keep-alive',
145 silly get     'x-served-by': 'cache-iad2126-IAD',
145 silly get     'x-cache': 'HIT',
145 silly get     'x-cache-hits': '7',
145 silly get     'x-timer': 'S1507499326.643002,VS0,VE0',
145 silly get     vary: 'Accept-Encoding, Accept' } ]
146 verbose get saving is-buffer to /tmp/npm-cache/registry.npmjs.org/is-buffer/.cache.json
147 verbose correctMkdir /tmp/npm-cache correctMkdir not in flight; initializing
148 silly addNameRange number 2 { name: 'is-buffer', range: '>=1.1.5 <2.0.0', hasData: true }
149 silly addNameRange versions [ 'is-buffer',
149 silly addNameRange   [ '1.0.0',
149 silly addNameRange     '1.0.1',
149 silly addNameRange     '1.0.2',
149 silly addNameRange     '1.1.0',
149 silly addNameRange     '1.1.1',
149 silly addNameRange     '1.1.2',
149 silly addNameRange     '1.1.3',
149 silly addNameRange     '1.1.4',
149 silly addNameRange     '1.1.5' ] ]
150 silly addNamed is-buffer@1.1.5
151 verbose addNamed "1.1.5" is a plain semver version for is-buffer
152 verbose afterAdd /tmp/npm-cache/follow-redirects/1.2.5/package/package.json written
153 silly cache afterAdd is-buffer@1.1.5
154 verbose afterAdd /tmp/npm-cache/is-buffer/1.1.5/package/package.json not in flight; writing
155 verbose correctMkdir /tmp/npm-cache correctMkdir not in flight; initializing
156 verbose afterAdd /tmp/npm-cache/is-buffer/1.1.5/package/package.json written
157 silly loadAllDepsIntoIdealTree Finishing
158 silly loadIdealTree Finishing
159 silly currentTree my-glitch-app@0.0.1
159 silly currentTree ├── accepts@1.3.4
159 silly currentTree ├── array-flatten@1.1.1
159 silly currentTree ├── body-parser@1.18.2
159 silly currentTree ├── bytes@3.0.0
159 silly currentTree ├── content-disposition@0.5.2
159 silly currentTree ├── content-type@1.0.4
159 silly currentTree ├── cookie-signature@1.0.6
159 silly currentTree ├── cookie@0.3.1
159 silly currentTree ├── debug@2.6.9
159 silly currentTree ├── depd@1.1.1
159 silly currentTree ├── destroy@1.0.4
159 silly currentTree ├── ee-first@1.1.1
159 silly currentTree ├── encodeurl@1.0.1
159 silly currentTree ├── escape-html@1.0.3
159 silly currentTree ├── etag@1.8.1
159 silly currentTree ├── express@4.16.1
159 silly currentTree ├── finalhandler@1.1.0
159 silly currentTree ├── forwarded@0.1.2
159 silly currentTree ├── fresh@0.5.2
159 silly currentTree ├─┬ http-errors@1.6.2
159 silly currentTree │ └── setprototypeof@1.0.3
159 silly currentTree ├── iconv-lite@0.4.19
159 silly currentTree ├── inherits@2.0.3
159 silly currentTree ├── ipaddr.js@1.5.2
159 silly currentTree ├── media-typer@0.3.0
159 silly currentTree ├── merge-descriptors@1.0.1
159 silly currentTree ├── methods@1.1.2
159 silly currentTree ├── mime-db@1.30.0
159 silly currentTree ├── mime-types@2.1.17
159 silly currentTree ├── mime@1.4.1
159 silly currentTree ├── ms@2.0.0
159 silly currentTree ├── negotiator@0.6.1
159 silly currentTree ├── on-finished@2.3.0
159 silly currentTree ├── parseurl@1.3.2
159 silly currentTree ├── path-to-regexp@0.1.7
159 silly currentTree ├── proxy-addr@2.0.2
159 silly currentTree ├── qs@6.5.1
159 silly currentTree ├── range-parser@1.2.0
159 silly currentTree ├── raw-body@2.3.2
159 silly currentTree ├── safe-buffer@5.1.1
159 silly currentTree ├── send@0.16.1
159 silly currentTree ├── serve-static@1.13.1
159 silly currentTree ├── setprototypeof@1.1.0
159 silly currentTree ├── statuses@1.3.1
159 silly currentTree ├── type-is@1.6.15
159 silly currentTree ├── unpipe@1.0.0
159 silly currentTree ├── utils-merge@1.0.1
159 silly currentTree └── vary@1.1.2
160 silly idealTree my-glitch-app@0.0.1
160 silly idealTree ├── accepts@1.3.4
160 silly idealTree ├── array-flatten@1.1.1
160 silly idealTree ├── axios@0.16.2
160 silly idealTree ├── body-parser@1.18.2
160 silly idealTree ├── bytes@3.0.0
160 silly idealTree ├── content-disposition@0.5.2
160 silly idealTree ├── content-type@1.0.4
160 silly idealTree ├── cookie-signature@1.0.6
160 silly idealTree ├── cookie@0.3.1
160 silly idealTree ├── debug@2.6.9
160 silly idealTree ├── depd@1.1.1
160 silly idealTree ├── destroy@1.0.4
160 silly idealTree ├── ee-first@1.1.1
160 silly idealTree ├── encodeurl@1.0.1
160 silly idealTree ├── escape-html@1.0.3
160 silly idealTree ├── etag@1.8.1
160 silly idealTree ├── express@4.16.1
160 silly idealTree ├── finalhandler@1.1.0
160 silly idealTree ├── follow-redirects@1.2.5
160 silly idealTree ├── forwarded@0.1.2
160 silly idealTree ├── fresh@0.5.2
160 silly idealTree ├─┬ http-errors@1.6.2
160 silly idealTree │ └── setprototypeof@1.0.3
160 silly idealTree ├── iconv-lite@0.4.19
160 silly idealTree ├── inherits@2.0.3
160 silly idealTree ├── ipaddr.js@1.5.2
160 silly idealTree ├── is-buffer@1.1.5
160 silly idealTree ├── media-typer@0.3.0
160 silly idealTree ├── merge-descriptors@1.0.1
160 silly idealTree ├── methods@1.1.2
160 silly idealTree ├── mime-db@1.30.0
160 silly idealTree ├── mime-types@2.1.17
160 silly idealTree ├── mime@1.4.1
160 silly idealTree ├── ms@2.0.0
160 silly idealTree ├── negotiator@0.6.1
160 silly idealTree ├── on-finished@2.3.0
160 silly idealTree ├── parseurl@1.3.2
160 silly idealTree ├── path-to-regexp@0.1.7
160 silly idealTree ├── proxy-addr@2.0.2
160 silly idealTree ├── qs@6.5.1
160 silly idealTree ├── range-parser@1.2.0
160 silly idealTree ├── raw-body@2.3.2
160 silly idealTree ├── safe-buffer@5.1.1
160 silly idealTree ├── send@0.16.1
160 silly idealTree ├── serve-static@1.13.1
160 silly idealTree ├── setprototypeof@1.1.0
160 silly idealTree ├── statuses@1.3.1
160 silly idealTree ├── type-is@1.6.15
160 silly idealTree ├── unpipe@1.0.0
160 silly idealTree ├── utils-merge@1.0.1
160 silly idealTree └── vary@1.1.2
161 silly generateActionsToTake Starting
162 silly install generateActionsToTake
163 silly generateActionsToTake Finishing
164 silly diffTrees action count 3
165 silly diffTrees add follow-redirects@1.2.5
166 silly diffTrees add is-buffer@1.1.5
167 silly diffTrees add axios@0.16.2
168 silly decomposeActions action count 24
169 silly decomposeActions fetch follow-redirects@1.2.5
170 silly decomposeActions extract follow-redirects@1.2.5
171 silly decomposeActions test follow-redirects@1.2.5
172 silly decomposeActions preinstall follow-redirects@1.2.5
173 silly decomposeActions build follow-redirects@1.2.5
174 silly decomposeActions install follow-redirects@1.2.5
175 silly decomposeActions postinstall follow-redirects@1.2.5
176 silly decomposeActions finalize follow-redirects@1.2.5
177 silly decomposeActions fetch is-buffer@1.1.5
178 silly decomposeActions extract is-buffer@1.1.5
179 silly decomposeActions test is-buffer@1.1.5
180 silly decomposeActions preinstall is-buffer@1.1.5
181 silly decomposeActions build is-buffer@1.1.5
182 silly decomposeActions install is-buffer@1.1.5
183 silly decomposeActions postinstall is-buffer@1.1.5
184 silly decomposeActions finalize is-buffer@1.1.5
185 silly decomposeActions fetch axios@0.16.2
186 silly decomposeActions extract axios@0.16.2
187 silly decomposeActions test axios@0.16.2
188 silly decomposeActions preinstall axios@0.16.2
189 silly decomposeActions build axios@0.16.2
190 silly decomposeActions install axios@0.16.2
191 silly decomposeActions postinstall axios@0.16.2
192 silly decomposeActions finalize axios@0.16.2
193 silly runTopLevelLifecycles Starting
194 silly executeActions Starting
195 silly install executeActions
196 silly doSerial global-install 0
197 silly doParallel fetch 3
198 verbose correctMkdir /tmp/npm-cache/_locks correctMkdir not in flight; initializing
199 warn locking Error: EACCES: permission denied, open '/tmp/npm-cache/_locks/staging-bd3355550c5a469e.lock'
199 warn locking     at Error (native)
199 warn locking  /tmp/npm-cache/_locks/staging-bd3355550c5a469e.lock failed { Error: EACCES: permission denied, open '/tmp/npm-cache/_locks/staging-bd3355550c5a469e.lock'
199 warn locking     at Error (native)
199 warn locking   errno: -13,
199 warn locking   code: 'EACCES',
199 warn locking   syscall: 'open',
199 warn locking   path: '/tmp/npm-cache/_locks/staging-bd3355550c5a469e.lock' }
200 silly rollbackFailedOptional Starting
201 silly rollbackFailedOptional Finishing
202 silly runTopLevelLifecycles Finishing
203 silly install printInstalled
204 verbose stack Error: EACCES: permission denied, open '/tmp/npm-cache/_locks/staging-bd3355550c5a469e.lock'
204 verbose stack     at Error (native)
205 verbose cwd /app
206 error Linux 4.4.0-1018-aws
207 error argv "/home/nvm/.nvm/versions/node/v6.11.4/bin/node" "/home/nvm/.nvm/versions/node/v6.11.4/bin/npm" "install" "axios"
208 error node v6.11.4
209 error npm  v3.10.10
210 error path /tmp/npm-cache/_locks/staging-bd3355550c5a469e.lock
211 error code EACCES
212 error errno -13
213 error syscall open
214 error Error: EACCES: permission denied, open '/tmp/npm-cache/_locks/staging-bd3355550c5a469e.lock'
214 error     at Error (native)
214 error  { Error: EACCES: permission denied, open '/tmp/npm-cache/_locks/staging-bd3355550c5a469e.lock'
214 error     at Error (native)
214 error   errno: -13,
214 error   code: 'EACCES',
214 error   syscall: 'open',
214 error   path: '/tmp/npm-cache/_locks/staging-bd3355550c5a469e.lock' }
215 error Please try running this command again as root/Administrator.
216 verbose exit [ -13, true ]
